<?xml version="1.0" encoding="UTF-8"?>
<!-- Generated by org.testng.reporters.JUnitXMLReporter -->
<testsuite ignored="0" hostname="inbl01lap5867" failures="0" tests="4" name="Test" time="37.068" errors="0" timestamp="2022-02-19T11:44:12 IST">
  <testcase classname="OpenMrsTestCases.FindPatientPageTest" name="@AfterTest TearDown" time="0.111">
    <failure type="org.openqa.selenium.NoSuchSessionException" message="invalid session id
Build info: version: &amp;apos;3.4.0&amp;apos;, revision: &amp;apos;unknown&amp;apos;, time: &amp;apos;unknown&amp;apos;
System info: host: &amp;apos;INBL01LAP5867&amp;apos;, ip: &amp;apos;192.168.0.110&amp;apos;, os.name: &amp;apos;Windows 10&amp;apos;, os.arch: &amp;apos;amd64&amp;apos;, os.version: &amp;apos;10.0&amp;apos;, java.version: &amp;apos;17.0.1&amp;apos;
Driver info: org.openqa.selenium.chrome.ChromeDriver
Capabilities [{networkConnectionEnabled=false, chrome={chromedriverVersion=97.0.4692.71 (adefa7837d02a07a604c1e6eff0b3a09422ab88d-refs/branch-heads/4692@{#1247}), userDataDir=C:\Users\BALAKR~1.BV\AppData\Local\Temp\scoped_dir10504_966037963}, timeouts={implicit=0.0, pageLoad=300000.0, script=30000.0}, pageLoadStrategy=normal, unhandledPromptBehavior=dismiss and notify, strictFileInteractability=false, platform=ANY, proxy=Proxy(), goog:chromeOptions={debuggerAddress=localhost:53251}, webauthn:extension:credBlob=true, acceptInsecureCerts=false, browserVersion=98.0.4758.102, browserName=chrome, javascriptEnabled=true, platformName=windows, setWindowRect=true, webauthn:extension:largeBlob=true, webauthn:virtualAuthenticators=true}]
Session ID: a5c06c240512e02e59ddd884e64f47d6">
      <![CDATA[org.openqa.selenium.NoSuchSessionException: invalid session id
Build info: version: '3.4.0', revision: 'unknown', time: 'unknown'
System info: host: 'INBL01LAP5867', ip: '192.168.0.110', os.name: 'Windows 10', os.arch: 'amd64', os.version: '10.0', java.version: '17.0.1'
Driver info: org.openqa.selenium.chrome.ChromeDriver
Capabilities [{networkConnectionEnabled=false, chrome={chromedriverVersion=97.0.4692.71 (adefa7837d02a07a604c1e6eff0b3a09422ab88d-refs/branch-heads/4692@{#1247}), userDataDir=C:\Users\BALAKR~1.BV\AppData\Local\Temp\scoped_dir10504_966037963}, timeouts={implicit=0.0, pageLoad=300000.0, script=30000.0}, pageLoadStrategy=normal, unhandledPromptBehavior=dismiss and notify, strictFileInteractability=false, platform=ANY, proxy=Proxy(), goog:chromeOptions={debuggerAddress=localhost:53251}, webauthn:extension:credBlob=true, acceptInsecureCerts=false, browserVersion=98.0.4758.102, browserName=chrome, javascriptEnabled=true, platformName=windows, setWindowRect=true, webauthn:extension:largeBlob=true, webauthn:virtualAuthenticators=true}]
Session ID: a5c06c240512e02e59ddd884e64f47d6
at org.openqa.selenium.remote.http.W3CHttpResponseCodec.createException(W3CHttpResponseCodec.java:150)
at org.openqa.selenium.remote.http.W3CHttpResponseCodec.decode(W3CHttpResponseCodec.java:115)
at org.openqa.selenium.remote.http.W3CHttpResponseCodec.decode(W3CHttpResponseCodec.java:45)
at org.openqa.selenium.remote.HttpCommandExecutor.execute(HttpCommandExecutor.java:164)
at org.openqa.selenium.remote.service.DriverCommandExecutor.execute(DriverCommandExecutor.java:82)
at org.openqa.selenium.remote.RemoteWebDriver.execute(RemoteWebDriver.java:637)
at org.openqa.selenium.remote.RemoteWebDriver.execute(RemoteWebDriver.java:694)
at org.openqa.selenium.remote.RemoteWebDriver$RemoteWebDriverOptions.deleteAllCookies(RemoteWebDriver.java:776)
at BaseClass.BaseClass.teardown(BaseClass.java:38)
at OpenMrsTestCases.FindPatientPageTest.TearDown(FindPatientPageTest.java:40)
... Removed 29 stack frames]]>
    </failure>
  </testcase> <!-- @AfterTest TearDown -->
  <testcase classname="OpenMrsTestCases.LoginPageInvalidTest" name="@AfterTest TearDown" time="-1.645251252762E9">
    <skipped/>
  </testcase> <!-- @AfterTest TearDown -->
  <testcase classname="OpenMrsTestCases.LoginPageTest" name="@AfterTest TearDown" time="-1.645251252763E9">
    <skipped/>
  </testcase> <!-- @AfterTest TearDown -->
  <testcase classname="OpenMrsTestCases.ManageApointPageTest" name="@AfterTest TearDown" time="-1.645251252764E9">
    <skipped/>
  </testcase> <!-- @AfterTest TearDown -->
  <testcase classname="OpenMrsTestCases.LoginPageTest" name="validateLoginPage" time="1.877"/>
  <testcase classname="OpenMrsTestCases.LoginPageInvalidTest" name="validateLoginPage" time="1.171"/>
  <testcase classname="OpenMrsTestCases.ManageApointPageTest" name="verify" time="8.684"/>
  <testcase classname="OpenMrsTestCases.FindPatientPageTest" name="verifyingID" time="6.823"/>
</testsuite> <!-- Test -->
